<?xml version="1.0" encoding="UTF-8"?>
<!-- Generated by org.testng.reporters.JUnitXMLReporter -->
<testsuite ignored="4" hostname="miraki" failures="0" tests="3" name="Default test" time="39.628" errors="0" timestamp="2026-05-05T18:48:03 IST">
  <testcase classname="tests.DealsFiltersTest" name="login" time="8.818"/>
  <testcase classname="tests.DealsFiltersTest" name="deals" time="8.352"/>
  <testcase classname="tests.DealsFiltersTest" name="adv_filters" time="16.615"/>
  <testcase classname="tests.DealsFiltersTest" name="deal_status_filter" time="0.0">
    <ignored/>
  </testcase> <!-- deal_status_filter -->
  <testcase classname="tests.DealsFiltersTest" name="close_date_filter" time="0.0">
    <ignored/>
  </testcase> <!-- close_date_filter -->
  <testcase classname="tests.DealsFiltersTest" name="created_date_filetr" time="0.0">
    <ignored/>
  </testcase> <!-- created_date_filetr -->
  <testcase classname="tests.DealsFiltersTest" name="deal_owner_filter" time="0.0">
    <ignored/>
  </testcase> <!-- deal_owner_filter -->
</testsuite> <!-- Default test -->
