<?xml version="1.0" encoding="UTF-8"?>
<!-- Generated by org.testng.reporters.JUnitXMLReporter -->
<testsuite ignored="0" hostname="miraki" failures="0" tests="9" name="Test" time="209.484" errors="0" timestamp="2026-04-01T18:49:49 IST">
  <testcase classname="tests.CreateLeadTest" name="login" time="90.516"/>
  <testcase classname="tests.CreateViewTest" name="login" time="10.543"/>
  <testcase classname="tests.CreateViewTest" name="create_view" time="33.694"/>
  <testcase classname="tests.FiltersTest" name="login" time="9.986"/>
  <testcase classname="tests.FiltersTest" name="lead_owner_filter" time="12.088"/>
  <testcase classname="tests.FiltersTest" name="lead_status_filter" time="6.459"/>
  <testcase classname="tests.FiltersTest" name="create_date_filter" time="6.391"/>
  <testcase classname="tests.FiltersTest" name="last_activity_filetr" time="6.36"/>
  <testcase classname="tests.FiltersTest" name="Adv_filters" time="20.599"/>
</testsuite> <!-- Test -->
