<?xml version="1.0" encoding="UTF-8"?>
<testng-results ignored="0" total="1" passed="1" failed="0" skipped="0">
  <reporter-output>
  </reporter-output>
  <suite started-at="2026-04-27T18:08:30 IST" name="Default suite" finished-at="2026-04-27T18:08:57 IST" duration-ms="27423">
    <groups>
    </groups>
    <test started-at="2026-04-27T18:08:30 IST" name="Default test" finished-at="2026-04-27T18:08:57 IST" duration-ms="27423">
      <class name="tests.signupTest">
        <test-method is-config="true" signature="setup()[pri:0, instance:tests.signupTest@229f66ed]" started-at="2026-04-27T18:08:30 IST" name="setup" finished-at="2026-04-27T18:08:34 IST" duration-ms="4487" status="PASS">
          <reporter-output>
          </reporter-output>
        </test-method> <!-- setup -->
        <test-method signature="signup_page()[pri:1, instance:tests.signupTest@229f66ed]" started-at="2026-04-27T18:08:34 IST" name="signup_page" finished-at="2026-04-27T18:08:57 IST" duration-ms="22880" status="PASS">
          <reporter-output>
          </reporter-output>
        </test-method> <!-- signup_page -->
      </class> <!-- tests.signupTest -->
    </test> <!-- Default test -->
  </suite> <!-- Default suite -->
</testng-results>
