<?xml version="1.0" encoding="UTF-8"?>
<testng-results ignored="0" total="2" passed="2" failed="0" skipped="0">
  <reporter-output>
  </reporter-output>
  <suite started-at="2026-05-04T17:12:39 IST" name="Default suite" finished-at="2026-05-04T17:13:31 IST" duration-ms="52285">
    <groups>
    </groups>
    <test started-at="2026-05-04T17:12:39 IST" name="Default test" finished-at="2026-05-04T17:13:31 IST" duration-ms="52285">
      <class name="tests.UpdateFromLeadCheckboxTest">
        <test-method is-config="true" signature="setup()[pri:0, instance:tests.UpdateFromLeadCheckboxTest@489115ef]" started-at="2026-05-04T17:12:39 IST" name="setup" finished-at="2026-05-04T17:12:43 IST" duration-ms="4547" status="PASS">
          <reporter-output>
          </reporter-output>
        </test-method> <!-- setup -->
        <test-method signature="login()[pri:1, instance:tests.UpdateFromLeadCheckboxTest@489115ef]" started-at="2026-05-04T17:12:43 IST" name="login" finished-at="2026-05-04T17:12:51 IST" duration-ms="7605" status="PASS">
          <reporter-output>
          </reporter-output>
        </test-method> <!-- login -->
        <test-method signature="dropdowns()[pri:2, instance:tests.UpdateFromLeadCheckboxTest@489115ef]" started-at="2026-05-04T17:12:51 IST" name="dropdowns" finished-at="2026-05-04T17:13:31 IST" duration-ms="39744" status="PASS">
          <reporter-output>
          </reporter-output>
        </test-method> <!-- dropdowns -->
        <test-method is-config="true" signature="tearDown()[pri:0, instance:tests.UpdateFromLeadCheckboxTest@489115ef]" started-at="2026-05-04T17:13:31 IST" name="tearDown" finished-at="2026-05-04T17:13:31 IST" duration-ms="332" status="PASS">
          <reporter-output>
          </reporter-output>
        </test-method> <!-- tearDown -->
      </class> <!-- tests.UpdateFromLeadCheckboxTest -->
    </test> <!-- Default test -->
  </suite> <!-- Default suite -->
</testng-results>
