<?xml version="1.0" encoding="UTF-8"?>
<!-- Generated by org.testng.reporters.JUnitReportReporter -->
<testsuite hostname="miraki" failures="0" tests="2" name="tests.leads.CreateViewTest" time="21.281" errors="0" timestamp="2026-05-15T12:54:27 IST" skipped="1">
  <testcase classname="tests.leads.CreateViewTest" name="create_view" time="21.281"/>
  <testcase classname="tests.leads.CreateViewTest" name="editView">
    <skipped/>
  </testcase> <!-- editView -->
</testsuite> <!-- tests.leads.CreateViewTest -->
