<?xml version="1.0" encoding="UTF-8"?>
<!-- Generated by org.testng.reporters.JUnitReportReporter -->
<testsuite hostname="miraki" failures="0" tests="2" name="tests.CreateLeadTest" time="50.589" errors="0" timestamp="2026-04-20T16:14:07 IST" skipped="0">
  <testcase classname="tests.CreateLeadTest" name="createLead_WithOnlyRequiredFields" time="23.828"/>
  <testcase classname="tests.CreateLeadTest" name="createLead_WithAllDetails" time="26.761"/>
</testsuite> <!-- tests.CreateLeadTest -->
