<?xml version="1.0" encoding="UTF-8"?>
<!-- Generated by org.testng.reporters.JUnitReportReporter -->
<testsuite hostname="miraki" failures="0" tests="7" name="tests.FiltersTest" time="35.237" errors="0" timestamp="2026-04-20T12:06:41 IST" skipped="0">
  <testcase classname="tests.FiltersTest" name="login" time="6.652"/>
  <testcase classname="tests.FiltersTest" name="lead_owner_filter" time="10.776"/>
  <testcase classname="tests.FiltersTest" name="lead_status_filter" time="2.450"/>
  <testcase classname="tests.FiltersTest" name="create_date_filter" time="2.373"/>
  <testcase classname="tests.FiltersTest" name="last_activity_filetr" time="2.367"/>
  <testcase classname="tests.FiltersTest" name="Adv_filters" time="8.238"/>
  <testcase classname="tests.FiltersTest" name="searchColumn" time="2.381"/>
</testsuite> <!-- tests.FiltersTest -->
