<?xml version="1.0" encoding="UTF-8"?>
<!-- Generated by org.testng.reporters.JUnitReportReporter -->
<testsuite hostname="miraki" failures="0" tests="3" name="tests.leads.CreateViewTest" time="25.132" errors="0" timestamp="2026-05-06T16:08:44 IST" skipped="1">
  <testcase classname="tests.leads.CreateViewTest" name="login" time="9.353"/>
  <testcase classname="tests.leads.CreateViewTest" name="editView" time="15.779"/>
  <testcase classname="tests.leads.CreateViewTest" name="create_view">
    <skipped/>
  </testcase> <!-- create_view -->
</testsuite> <!-- tests.leads.CreateViewTest -->
