<?xml version="1.0" encoding="UTF-8"?>
<!-- Generated by org.testng.reporters.JUnitReportReporter -->
<testsuite hostname="miraki" failures="0" tests="4" name="tests.deals.NotesTest$TaskTest" time="41.187" errors="0" timestamp="2026-05-11T16:07:01 IST" skipped="0">
  <testcase classname="tests.deals.NotesTest$TaskTest" name="login" time="7.454"/>
  <testcase classname="tests.deals.NotesTest$TaskTest" name="deals" time="7.541"/>
  <testcase classname="tests.deals.NotesTest$TaskTest" name="select_deal" time="4.778"/>
  <testcase classname="tests.deals.NotesTest$TaskTest" name="addTask" time="21.414"/>
</testsuite> <!-- tests.deals.NotesTest$TaskTest -->
