<?xml version="1.0" encoding="UTF-8"?>
<!-- Generated by org.testng.reporters.JUnitReportReporter -->
<testsuite hostname="miraki" failures="0" tests="2" name="tests.UpdateFromLeadCheckboxTest" time="47.349" errors="0" timestamp="2026-05-04T17:13:31 IST" skipped="0">
  <testcase classname="tests.UpdateFromLeadCheckboxTest" name="login" time="7.605"/>
  <testcase classname="tests.UpdateFromLeadCheckboxTest" name="dropdowns" time="39.744"/>
</testsuite> <!-- tests.UpdateFromLeadCheckboxTest -->
