<?xml version="1.0" encoding="UTF-8"?>
<!-- Generated by org.testng.reporters.JUnitReportReporter -->
<testsuite hostname="miraki" failures="0" tests="7" name="tests.DealsFiltersTest" time="33.785" errors="0" timestamp="2026-05-05T18:48:04 IST" skipped="4">
  <testcase classname="tests.DealsFiltersTest" name="login" time="8.818"/>
  <testcase classname="tests.DealsFiltersTest" name="deals" time="8.352"/>
  <testcase classname="tests.DealsFiltersTest" name="adv_filters" time="16.615"/>
  <testcase classname="tests.DealsFiltersTest" name="deal_status_filter">
    <skipped/>
  </testcase> <!-- deal_status_filter -->
  <testcase classname="tests.DealsFiltersTest" name="close_date_filter">
    <skipped/>
  </testcase> <!-- close_date_filter -->
  <testcase classname="tests.DealsFiltersTest" name="created_date_filetr">
    <skipped/>
  </testcase> <!-- created_date_filetr -->
  <testcase classname="tests.DealsFiltersTest" name="deal_owner_filter">
    <skipped/>
  </testcase> <!-- deal_owner_filter -->
</testsuite> <!-- tests.DealsFiltersTest -->
