<?xml version="1.0" encoding="UTF-8"?>
<!-- Generated by org.testng.reporters.JUnitReportReporter -->
<testsuite hostname="miraki" failures="0" tests="6" name="tests.LeadFlowTest" time="263.255" errors="0" timestamp="2026-04-23T13:28:17 IST" skipped="0">
  <testcase classname="tests.LeadFlowTest" name="login" time="8.344"/>
  <testcase classname="tests.LeadFlowTest" name="leadCreation" time="51.652"/>
  <testcase classname="tests.LeadFlowTest" name="viewCreation" time="15.325"/>
  <testcase classname="tests.LeadFlowTest" name="adv_filters" time="15.726"/>
  <testcase classname="tests.LeadFlowTest" name="activities" time="62.696"/>
  <testcase classname="tests.LeadFlowTest" name="add_activities" time="109.512"/>
</testsuite> <!-- tests.LeadFlowTest -->
