<?xml version="1.0" encoding="UTF-8"?>
<!-- Generated by org.testng.reporters.JUnitReportReporter -->
<testsuite hostname="miraki" failures="0" tests="2" name="tests.NotesTasksEmailMeetingsTest" time="29.711" errors="0" timestamp="2026-04-14T16:20:03 IST" skipped="0">
  <testcase classname="tests.NotesTasksEmailMeetingsTest" name="login" time="7.662"/>
  <testcase classname="tests.NotesTasksEmailMeetingsTest" name="note" time="22.049"/>
</testsuite> <!-- tests.NotesTasksEmailMeetingsTest -->
